
> risbow-backend@0.0.1 start
> nest start dev

(node:26824) [DEP0190] DeprecationWarning: Passing args to a child process with shell option true can lead to security vulnerabilities, as the arguments are not escaped, only concatenated.
(Use `node --trace-deprecation ...` to show where the warning was created)
[32m[Nest] 13624  - [39m21/02/2026, 12:14:12 pm [32m    LOG[39m [38;5;3m[NestFactory] [39m[32mStarting Nest application...[39m
[Nest] 13624  - 21/02/2026, 12:14:12 pm   ERROR [ExceptionHandler] Nest cannot create the BannersModule instance.
The module at index [2] of the BannersModule "imports" array is undefined.

Potential causes:
- A circular dependency between modules. Use forwardRef() to avoid it. Read more: https://docs.nestjs.com/fundamentals/circular-dependency
- The module at index [2] is of type "undefined". Check your import statements and the type of the module.

Scope [AppModule -> SharedModule -> CatalogModule -> SearchModule -> BowModule -> CartModule -> BuyLaterModule -> CartModule -> RecommendationsModule -> VendorsModule]
Error: Nest cannot create the BannersModule instance.
The module at index [2] of the BannersModule "imports" array is undefined.

Potential causes:
- A circular dependency between modules. Use forwardRef() to avoid it. Read more: https://docs.nestjs.com/fundamentals/circular-dependency
- The module at index [2] is of type "undefined". Check your import statements and the type of the module.

Scope [AppModule -> SharedModule -> CatalogModule -> SearchModule -> BowModule -> CartModule -> BuyLaterModule -> CartModule -> RecommendationsModule -> VendorsModule]
    at DependenciesScanner.scanForModules (C:\office\risbow-backend\node_modules\@nestjs\core\scanner.js:60:23)
    at async DependenciesScanner.scanForModules (C:\office\risbow-backend\node_modules\@nestjs\core\scanner.js:68:32)
    at async DependenciesScanner.scanForModules (C:\office\risbow-backend\node_modules\@nestjs\core\scanner.js:68:32)
    at async DependenciesScanner.scanForModules (C:\office\risbow-backend\node_modules\@nestjs\core\scanner.js:68:32)
    at async DependenciesScanner.scanForModules (C:\office\risbow-backend\node_modules\@nestjs\core\scanner.js:68:32)
    at async DependenciesScanner.scanForModules (C:\office\risbow-backend\node_modules\@nestjs\core\scanner.js:68:32)
    at async DependenciesScanner.scanForModules (C:\office\risbow-backend\node_modules\@nestjs\core\scanner.js:68:32)
    at async DependenciesScanner.scanForModules (C:\office\risbow-backend\node_modules\@nestjs\core\scanner.js:68:32)
    at async DependenciesScanner.scanForModules (C:\office\risbow-backend\node_modules\@nestjs\core\scanner.js:68:32)
    at async DependenciesScanner.scanForModules (C:\office\risbow-backend\node_modules\@nestjs\core\scanner.js:68:32)
